<?xml version="1.0" encoding="UTF-8"?>
<!-- Generated by org.testng.reporters.JUnitReportReporter -->
<testsuite hostname="Shiva_Laptop" failures="0" tests="1" name="spotify.errorpath.tests.PlaylistEPTests" time="3.087" errors="0" timestamp="2023-12-11T23:34:48 IST" skipped="0">
  <testcase classname="spotify.errorpath.tests.PlaylistEPTests" name="validateCreatePlaylistWithoutName" time="3.087"/>
</testsuite> <!-- spotify.errorpath.tests.PlaylistEPTests -->
