<?xml version="1.0" encoding="UTF-8"?>
<!-- Generated by org.testng.reporters.JUnitReportReporter -->
<testsuite hostname="Shiva_Laptop" failures="0" tests="1" name="spotify.happypath.tests.AddItemsToPL" time="4.449" errors="0" timestamp="2023-12-11T18:19:49 IST" skipped="0">
  <testcase classname="spotify.happypath.tests.AddItemsToPL" name="validateAddItemsToPL" time="4.449"/>
</testsuite> <!-- spotify.happypath.tests.AddItemsToPL -->
