<?xml version="1.0" encoding="UTF-8"?>
<!-- Generated by org.testng.reporters.JUnitReportReporter -->
<testsuite hostname="Shiva_Laptop" failures="0" tests="1" name="spotify.errorpath.tests.PlaylistEPTests" time="4.418" errors="0" timestamp="2023-12-11T18:19:49 IST" skipped="0">
  <testcase classname="spotify.errorpath.tests.PlaylistEPTests" name="validateCreatePlaylistWithoutName" time="4.418"/>
</testsuite> <!-- spotify.errorpath.tests.PlaylistEPTests -->
