<?xml version="1.0" encoding="UTF-8"?>
<!-- Generated by org.testng.reporters.JUnitReportReporter -->
<testsuite hostname="Shiva_Laptop" failures="0" tests="1" name="spotify.happypath.tests.AddItemsToPL" time="3.234" errors="0" timestamp="2023-12-11T23:34:48 IST" skipped="0">
  <testcase classname="spotify.happypath.tests.AddItemsToPL" name="validateAddItemsToPL" time="3.234"/>
</testsuite> <!-- spotify.happypath.tests.AddItemsToPL -->
