<?xml version="1.0" encoding="UTF-8"?>
<!-- Generated by org.testng.reporters.JUnitReportReporter -->
<testsuite hostname="Shiva_Laptop" failures="0" tests="3" name="spotify.happypath.tests.PlaylistHPTests" time="4.272" errors="0" timestamp="2023-12-01T19:04:34 IST" skipped="0">
  <testcase classname="spotify.happypath.tests.PlaylistHPTests" name="validateCreatePlaylist" time="3.404"/>
  <testcase classname="spotify.happypath.tests.PlaylistHPTests" name="validateUpdatePlaylist" time="0.536"/>
  <testcase classname="spotify.happypath.tests.PlaylistHPTests" name="validatGetPlaylist" time="0.332"/>
</testsuite> <!-- spotify.happypath.tests.PlaylistHPTests -->
