<?xml version="1.0" encoding="UTF-8"?>
<!-- Generated by org.testng.reporters.JUnitReportReporter -->
<testsuite hostname="Shiva_Laptop" failures="0" tests="1" name="spotify.happypath.tests.AlbumTests" time="3.207" errors="0" timestamp="2023-12-11T23:34:48 IST" skipped="0">
  <testcase classname="spotify.happypath.tests.AlbumTests" name="validateGetAlbum" time="3.207"/>
</testsuite> <!-- spotify.happypath.tests.AlbumTests -->
