<?xml version="1.0" encoding="UTF-8"?>
<!-- Generated by org.testng.reporters.JUnitReportReporter -->
<testsuite hostname="Shiva_Laptop" failures="0" tests="5" name="spotify.happypath.tests.PlaylistHPTests" time="4.715" errors="0" timestamp="2023-12-11T23:34:48 IST" skipped="0">
  <testcase classname="spotify.happypath.tests.PlaylistHPTests" name="validateCreatePlaylist" time="0.394"/>
  <testcase classname="spotify.happypath.tests.PlaylistHPTests" name="validateCreatePlaylist" time="3.042"/>
  <testcase classname="spotify.happypath.tests.PlaylistHPTests" name="validateCreatePlaylist" time="0.445"/>
  <testcase classname="spotify.happypath.tests.PlaylistHPTests" name="validateUpdatePlaylist" time="0.516"/>
  <testcase classname="spotify.happypath.tests.PlaylistHPTests" name="validatGetPlaylist" time="0.318"/>
</testsuite> <!-- spotify.happypath.tests.PlaylistHPTests -->
