<?xml version="1.0" encoding="UTF-8"?>
<!-- Generated by org.testng.reporters.JUnitReportReporter -->
<testsuite hostname="Shiva_Laptop" failures="0" tests="5" name="spotify.happypath.tests.PlaylistHPTests" time="5.672" errors="0" timestamp="2023-12-11T18:19:49 IST" skipped="0">
  <testcase classname="spotify.happypath.tests.PlaylistHPTests" name="validateCreatePlaylist" time="4.085"/>
  <testcase classname="spotify.happypath.tests.PlaylistHPTests" name="validateCreatePlaylist" time="0.417"/>
  <testcase classname="spotify.happypath.tests.PlaylistHPTests" name="validateCreatePlaylist" time="0.366"/>
  <testcase classname="spotify.happypath.tests.PlaylistHPTests" name="validateUpdatePlaylist" time="0.480"/>
  <testcase classname="spotify.happypath.tests.PlaylistHPTests" name="validatGetPlaylist" time="0.324"/>
</testsuite> <!-- spotify.happypath.tests.PlaylistHPTests -->
