<?xml version="1.0" encoding="UTF-8"?>
<!-- Generated by org.testng.reporters.JUnitReportReporter -->
<testsuite hostname="Shiva_Laptop" failures="0" tests="5" name="spotify.happypath.tests.PlaylistHPTests" time="5.199" errors="0" timestamp="2023-12-11T23:10:47 IST" skipped="0">
  <testcase classname="spotify.happypath.tests.PlaylistHPTests" name="validateCreatePlaylist" time="0.410"/>
  <testcase classname="spotify.happypath.tests.PlaylistHPTests" name="validateCreatePlaylist" time="0.404"/>
  <testcase classname="spotify.happypath.tests.PlaylistHPTests" name="validateCreatePlaylist" time="3.345"/>
  <testcase classname="spotify.happypath.tests.PlaylistHPTests" name="validateUpdatePlaylist" time="0.692"/>
  <testcase classname="spotify.happypath.tests.PlaylistHPTests" name="validatGetPlaylist" time="0.348"/>
</testsuite> <!-- spotify.happypath.tests.PlaylistHPTests -->
